{
   "creator": "Yosys 0.33 (git sha1 2584903a060)",
   "invocation": "stat -liberty /home/ubuju/pdk/lib/sky130_fd_sc_hd__tt_025C_1v80.lib -json ",
   "modules": {
      "\\riscv_core": {
         "num_wires":         19143,
         "num_wire_bits":     21330,
         "num_pub_wires":     95,
         "num_pub_wire_bits": 2248,
         "num_memories":      0,
         "num_memory_bits":   0,
         "num_processes":     0,
         "num_cells":         8854,
         "area":              76711.072000,
         "num_cells_by_type": {
            "sky130_fd_sc_hd__a2111oi_0": 11,
            "sky130_fd_sc_hd__a211o_1": 2,
            "sky130_fd_sc_hd__a211oi_1": 9,
            "sky130_fd_sc_hd__a21boi_0": 4,
            "sky130_fd_sc_hd__a21o_1": 16,
            "sky130_fd_sc_hd__a21oi_1": 271,
            "sky130_fd_sc_hd__a221o_1": 77,
            "sky130_fd_sc_hd__a221oi_1": 350,
            "sky130_fd_sc_hd__a222oi_1": 199,
            "sky130_fd_sc_hd__a22o_1": 162,
            "sky130_fd_sc_hd__a22oi_1": 134,
            "sky130_fd_sc_hd__a2bb2oi_1": 1,
            "sky130_fd_sc_hd__a311o_1": 2,
            "sky130_fd_sc_hd__a311oi_1": 2,
            "sky130_fd_sc_hd__a31o_1": 4,
            "sky130_fd_sc_hd__a31oi_1": 20,
            "sky130_fd_sc_hd__a32o_1": 1,
            "sky130_fd_sc_hd__a32oi_1": 1,
            "sky130_fd_sc_hd__a41o_1": 1,
            "sky130_fd_sc_hd__and2_0": 44,
            "sky130_fd_sc_hd__and3_1": 50,
            "sky130_fd_sc_hd__and3b_1": 1,
            "sky130_fd_sc_hd__and4_1": 4,
            "sky130_fd_sc_hd__and4b_1": 3,
            "sky130_fd_sc_hd__clkinv_1": 1465,
            "sky130_fd_sc_hd__dfrtp_1": 1402,
            "sky130_fd_sc_hd__dfxtp_1": 96,
            "sky130_fd_sc_hd__lpflow_inputiso1p_1": 28,
            "sky130_fd_sc_hd__lpflow_isobufsrc_1": 29,
            "sky130_fd_sc_hd__maj3_1": 81,
            "sky130_fd_sc_hd__mux2_1": 134,
            "sky130_fd_sc_hd__mux2i_1": 47,
            "sky130_fd_sc_hd__nand2_1": 1775,
            "sky130_fd_sc_hd__nand2b_1": 22,
            "sky130_fd_sc_hd__nand3_1": 69,
            "sky130_fd_sc_hd__nand3b_1": 9,
            "sky130_fd_sc_hd__nand4_1": 156,
            "sky130_fd_sc_hd__nand4b_1": 1,
            "sky130_fd_sc_hd__nor2_1": 282,
            "sky130_fd_sc_hd__nor2b_1": 1,
            "sky130_fd_sc_hd__nor3_1": 101,
            "sky130_fd_sc_hd__nor3b_1": 14,
            "sky130_fd_sc_hd__nor4_1": 11,
            "sky130_fd_sc_hd__nor4b_1": 5,
            "sky130_fd_sc_hd__nor4bb_1": 1,
            "sky130_fd_sc_hd__o2111ai_1": 2,
            "sky130_fd_sc_hd__o211a_1": 1,
            "sky130_fd_sc_hd__o211ai_1": 16,
            "sky130_fd_sc_hd__o21a_1": 6,
            "sky130_fd_sc_hd__o21ai_0": 1337,
            "sky130_fd_sc_hd__o21bai_1": 4,
            "sky130_fd_sc_hd__o221ai_1": 69,
            "sky130_fd_sc_hd__o22a_1": 1,
            "sky130_fd_sc_hd__o22ai_1": 14,
            "sky130_fd_sc_hd__o2bb2ai_1": 2,
            "sky130_fd_sc_hd__o311ai_0": 8,
            "sky130_fd_sc_hd__o31a_1": 3,
            "sky130_fd_sc_hd__o31ai_1": 9,
            "sky130_fd_sc_hd__o32a_1": 1,
            "sky130_fd_sc_hd__o32ai_1": 11,
            "sky130_fd_sc_hd__or3_1": 23,
            "sky130_fd_sc_hd__or4_1": 1,
            "sky130_fd_sc_hd__xnor2_1": 170,
            "sky130_fd_sc_hd__xor2_1": 78
         }
      }
   },
      "design": {
         "num_wires":         19143,
         "num_wire_bits":     21330,
         "num_pub_wires":     95,
         "num_pub_wire_bits": 2248,
         "num_memories":      0,
         "num_memory_bits":   0,
         "num_processes":     0,
         "num_cells":         8854,
         "area":              76711.072000,
         "num_cells_by_type": {
            "sky130_fd_sc_hd__a2111oi_0": 11,
            "sky130_fd_sc_hd__a211o_1": 2,
            "sky130_fd_sc_hd__a211oi_1": 9,
            "sky130_fd_sc_hd__a21boi_0": 4,
            "sky130_fd_sc_hd__a21o_1": 16,
            "sky130_fd_sc_hd__a21oi_1": 271,
            "sky130_fd_sc_hd__a221o_1": 77,
            "sky130_fd_sc_hd__a221oi_1": 350,
            "sky130_fd_sc_hd__a222oi_1": 199,
            "sky130_fd_sc_hd__a22o_1": 162,
            "sky130_fd_sc_hd__a22oi_1": 134,
            "sky130_fd_sc_hd__a2bb2oi_1": 1,
            "sky130_fd_sc_hd__a311o_1": 2,
            "sky130_fd_sc_hd__a311oi_1": 2,
            "sky130_fd_sc_hd__a31o_1": 4,
            "sky130_fd_sc_hd__a31oi_1": 20,
            "sky130_fd_sc_hd__a32o_1": 1,
            "sky130_fd_sc_hd__a32oi_1": 1,
            "sky130_fd_sc_hd__a41o_1": 1,
            "sky130_fd_sc_hd__and2_0": 44,
            "sky130_fd_sc_hd__and3_1": 50,
            "sky130_fd_sc_hd__and3b_1": 1,
            "sky130_fd_sc_hd__and4_1": 4,
            "sky130_fd_sc_hd__and4b_1": 3,
            "sky130_fd_sc_hd__clkinv_1": 1465,
            "sky130_fd_sc_hd__dfrtp_1": 1402,
            "sky130_fd_sc_hd__dfxtp_1": 96,
            "sky130_fd_sc_hd__lpflow_inputiso1p_1": 28,
            "sky130_fd_sc_hd__lpflow_isobufsrc_1": 29,
            "sky130_fd_sc_hd__maj3_1": 81,
            "sky130_fd_sc_hd__mux2_1": 134,
            "sky130_fd_sc_hd__mux2i_1": 47,
            "sky130_fd_sc_hd__nand2_1": 1775,
            "sky130_fd_sc_hd__nand2b_1": 22,
            "sky130_fd_sc_hd__nand3_1": 69,
            "sky130_fd_sc_hd__nand3b_1": 9,
            "sky130_fd_sc_hd__nand4_1": 156,
            "sky130_fd_sc_hd__nand4b_1": 1,
            "sky130_fd_sc_hd__nor2_1": 282,
            "sky130_fd_sc_hd__nor2b_1": 1,
            "sky130_fd_sc_hd__nor3_1": 101,
            "sky130_fd_sc_hd__nor3b_1": 14,
            "sky130_fd_sc_hd__nor4_1": 11,
            "sky130_fd_sc_hd__nor4b_1": 5,
            "sky130_fd_sc_hd__nor4bb_1": 1,
            "sky130_fd_sc_hd__o2111ai_1": 2,
            "sky130_fd_sc_hd__o211a_1": 1,
            "sky130_fd_sc_hd__o211ai_1": 16,
            "sky130_fd_sc_hd__o21a_1": 6,
            "sky130_fd_sc_hd__o21ai_0": 1337,
            "sky130_fd_sc_hd__o21bai_1": 4,
            "sky130_fd_sc_hd__o221ai_1": 69,
            "sky130_fd_sc_hd__o22a_1": 1,
            "sky130_fd_sc_hd__o22ai_1": 14,
            "sky130_fd_sc_hd__o2bb2ai_1": 2,
            "sky130_fd_sc_hd__o311ai_0": 8,
            "sky130_fd_sc_hd__o31a_1": 3,
            "sky130_fd_sc_hd__o31ai_1": 9,
            "sky130_fd_sc_hd__o32a_1": 1,
            "sky130_fd_sc_hd__o32ai_1": 11,
            "sky130_fd_sc_hd__or3_1": 23,
            "sky130_fd_sc_hd__or4_1": 1,
            "sky130_fd_sc_hd__xnor2_1": 170,
            "sky130_fd_sc_hd__xor2_1": 78
         }
      }
}

